
> atlvs@0.1.0 build
> next build

   ▲ Next.js 15.5.5
   - Environments: .env
   - Experiments (use with caution):
     · clientTraceMetadata
     · optimizePackageImports

   Creating an optimized production build ...
 ✓ Compiled successfully in 93s
   Skipping linting
   Checking validity of types ...
Failed to compile.

./src/components/files/files-folders-tab.tsx:15:56
Type error: Cannot find name 'useFilesData'.

[0m [90m 13 |[39m
 [90m 14 |[39m [36mexport[39m [36mfunction[39m [33mFilesFoldersTab[39m({ workspaceId }[33m:[39m [33mTabComponentProps[39m)[33m:[39m [33mJSX[39m[33m.[39m[33mElement[39m {
[31m[1m>[22m[39m[90m 15 |[39m   [36mconst[39m { loading[33m:[39m filesLoading[33m,[39m error[33m:[39m filesError } [33m=[39m useFilesData()[33m;[39m
 [90m    |[39m                                                        [31m[1m^[22m[39m
 [90m 16 |[39m   [36mconst[39m t [33m=[39m useTranslations([32m'files.folders'[39m)
 [90m 17 |[39m   [36mconst[39m { data[33m:[39m folders[33m,[39m loading[33m,[39m error } [33m=[39m useModuleData(workspaceId[33m,[39m [32m'files'[39m[33m,[39m [32m'folders'[39m)
 [90m 18 |[39m[0m
Next.js build worker exited with code: 1 and signal: null
