
> atlvs@0.1.0 build
> next build

   ▲ Next.js 15.5.5
   - Environments: .env
   - Experiments (use with caution):
     · clientTraceMetadata
     · optimizePackageImports

   Creating an optimized production build ...
 ✓ Compiled successfully in 2.1min
   Skipping linting
   Checking validity of types ...
Failed to compile.

./src/components/files/files-riders-tab.tsx:24:59
Type error: Cannot find name 'useModuleData'.

[0m [90m 22 |[39m   
 [90m 23 |[39m   [90m// Fetch data if not provided[39m
[31m[1m>[22m[39m[90m 24 |[39m   [36mconst[39m { data[33m:[39m hookData[33m,[39m loading[33m:[39m hookLoading[33m,[39m error } [33m=[39m useModuleData(workspaceId[33m,[39m [32m'files'[39m[33m,[39m [32m'riders'[39m)
 [90m    |[39m                                                           [31m[1m^[22m[39m
 [90m 25 |[39m   [36mconst[39m fetchedData [33m=[39m data [33m||[39m hookData
 [90m 26 |[39m   [36mconst[39m fetchLoading [33m=[39m loading [33m!==[39m undefined [33m?[39m loading [33m:[39m hookLoading
 [90m 27 |[39m   [0m
Next.js build worker exited with code: 1 and signal: null
